<?xml version="1.0" encoding="UTF-8"?>
<testng-results ignored="0" total="1" passed="1" failed="0" skipped="0">
  <reporter-output>
  </reporter-output>
  <suite started-at="2025-10-06T23:33:40 PKT" name="Default Suite" finished-at="2025-10-06T23:33:50 PKT" duration-ms="9776">
    <groups>
    </groups>
    <test started-at="2025-10-06T23:33:40 PKT" name="Automation Testing" finished-at="2025-10-06T23:33:50 PKT" duration-ms="9776">
      <class name="AMZTestScript">
        <test-method is-config="true" signature="setup()[pri:0, instance:AMZTestScript@4795ded0]" started-at="2025-10-06T23:33:40 PKT" name="setup" finished-at="2025-10-06T23:33:42 PKT" duration-ms="1748" status="PASS">
          <reporter-output>
          </reporter-output>
        </test-method> <!-- setup -->
        <test-method signature="chnagelocation()[pri:0, instance:AMZTestScript@4795ded0]" started-at="2025-10-06T23:33:42 PKT" name="chnagelocation" finished-at="2025-10-06T23:33:50 PKT" duration-ms="7572" status="PASS">
          <reporter-output>
          </reporter-output>
        </test-method> <!-- chnagelocation -->
        <test-method is-config="true" signature="tearDown()[pri:0, instance:AMZTestScript@4795ded0]" started-at="2025-10-06T23:33:50 PKT" name="tearDown" finished-at="2025-10-06T23:33:50 PKT" duration-ms="376" status="PASS">
          <reporter-output>
          </reporter-output>
        </test-method> <!-- tearDown -->
      </class> <!-- AMZTestScript -->
    </test> <!-- Automation Testing -->
  </suite> <!-- Default Suite -->
</testng-results>
